c:\users\guyev\documents\sodyo assigment\sodyo assigment\x64\debug\vc143.pdb
c:\users\guyev\documents\sodyo assigment\sodyo assigment\x64\debug\vc143.idb
c:\users\guyev\documents\sodyo assigment\sodyo assigment\x64\debug\sodyo assigment.obj
c:\users\guyev\documents\sodyo assigment\x64\debug\sodyo assigment.exe
c:\users\guyev\documents\sodyo assigment\x64\debug\sodyo assigment.pdb
c:\users\guyev\documents\sodyo assigment\x64\debug\opencv_highgui4d.dll
c:\users\guyev\documents\sodyo assigment\x64\debug\opencv_videoio4d.dll
c:\users\guyev\documents\sodyo assigment\x64\debug\opencv_imgcodecs4d.dll
c:\users\guyev\documents\sodyo assigment\x64\debug\opencv_imgproc4d.dll
c:\users\guyev\documents\sodyo assigment\x64\debug\opencv_core4d.dll
c:\users\guyev\documents\sodyo assigment\x64\debug\zlibd1.dll
c:\users\guyev\documents\sodyo assigment\x64\debug\jpeg62.dll
c:\users\guyev\documents\sodyo assigment\x64\debug\libwebpdecoder.dll
c:\users\guyev\documents\sodyo assigment\x64\debug\libwebp.dll
c:\users\guyev\documents\sodyo assigment\x64\debug\libsharpyuv.dll
c:\users\guyev\documents\sodyo assigment\x64\debug\libwebpdemux.dll
c:\users\guyev\documents\sodyo assigment\x64\debug\libwebpmux.dll
c:\users\guyev\documents\sodyo assigment\x64\debug\libpng16d.dll
c:\users\guyev\documents\sodyo assigment\x64\debug\tiffd.dll
c:\users\guyev\documents\sodyo assigment\x64\debug\liblzma.dll
c:\users\guyev\documents\sodyo assigment\sodyo assigment\x64\debug\sodyo assigment.ilk
c:\users\guyev\documents\sodyo assigment\sodyo assigment\x64\debug\sodyo assigment.tlog\cl.command.1.tlog
c:\users\guyev\documents\sodyo assigment\sodyo assigment\x64\debug\sodyo assigment.tlog\cl.items.tlog
c:\users\guyev\documents\sodyo assigment\sodyo assigment\x64\debug\sodyo assigment.tlog\cl.read.1.tlog
c:\users\guyev\documents\sodyo assigment\sodyo assigment\x64\debug\sodyo assigment.tlog\cl.write.1.tlog
c:\users\guyev\documents\sodyo assigment\sodyo assigment\x64\debug\sodyo assigment.tlog\link.command.1.tlog
c:\users\guyev\documents\sodyo assigment\sodyo assigment\x64\debug\sodyo assigment.tlog\link.read.1.tlog
c:\users\guyev\documents\sodyo assigment\sodyo assigment\x64\debug\sodyo assigment.tlog\link.secondary.1.tlog
c:\users\guyev\documents\sodyo assigment\sodyo assigment\x64\debug\sodyo assigment.tlog\link.write.1.tlog
c:\users\guyev\documents\sodyo assigment\sodyo assigment\x64\debug\sodyo assigment.tlog\sodyo assigment.write.1u.tlog
